12/30/2022 09:35:13 INFO MetaCritic Recall: Started with 498 movies without score
12/30/2022 09:36:48 INFO MetaCritic Recall: Started with 498 movies without score
12/30/2022 09:36:48 INFO MetaCritic Recall:     0 /     1 scores extracted
12/30/2022 09:36:50 INFO MetaCritic Recall:     0 /     3 scores extracted
12/30/2022 09:36:51 INFO MetaCritic Recall:     0 /     5 scores extracted
12/30/2022 09:36:52 INFO MetaCritic Recall:     0 /     7 scores extracted
12/30/2022 09:36:54 INFO MetaCritic Recall:     0 /     9 scores extracted
12/30/2022 09:41:29 INFO MetaCritic Recall: Started with 498 movies without score
12/30/2022 09:41:30 INFO MetaCritic Recall:     0 /     2 scores extracted
12/30/2022 09:41:32 INFO MetaCritic Recall:     0 /     4 scores extracted
12/30/2022 09:41:33 INFO MetaCritic Recall:     0 /     6 scores extracted
12/30/2022 09:41:34 INFO MetaCritic Recall:     0 /     8 scores extracted
12/30/2022 09:41:36 INFO MetaCritic Recall:     0 /    10 scores extracted
12/30/2022 09:41:37 INFO MetaCritic Recall:     0 /    12 scores extracted
12/30/2022 09:41:39 INFO MetaCritic Recall:     0 /    14 scores extracted
12/30/2022 09:41:41 INFO MetaCritic Recall:     0 /    16 scores extracted
12/30/2022 09:41:43 INFO MetaCritic Recall:     0 /    18 scores extracted
12/30/2022 09:41:44 INFO MetaCritic Recall:     0 /    20 scores extracted
12/30/2022 09:41:46 INFO MetaCritic Recall:     1 /    22 scores extracted
12/30/2022 09:41:48 INFO MetaCritic Recall:     1 /    24 scores extracted
12/30/2022 09:41:49 INFO MetaCritic Recall:     1 /    26 scores extracted
12/30/2022 09:41:51 INFO MetaCritic Recall:     1 /    28 scores extracted
12/30/2022 09:41:52 INFO MetaCritic Recall:     1 /    30 scores extracted
12/30/2022 09:41:54 INFO MetaCritic Recall:     1 /    32 scores extracted
12/30/2022 09:41:55 INFO MetaCritic Recall:     1 /    34 scores extracted
12/30/2022 09:41:57 INFO MetaCritic Recall:     1 /    36 scores extracted
12/30/2022 09:41:58 INFO MetaCritic Recall:     1 /    38 scores extracted
12/30/2022 09:42:00 INFO MetaCritic Recall:     1 /    40 scores extracted
12/30/2022 09:42:01 INFO MetaCritic Recall:     1 /    42 scores extracted
12/30/2022 09:42:03 INFO MetaCritic Recall:     1 /    44 scores extracted
12/30/2022 09:42:05 INFO MetaCritic Recall:     1 /    46 scores extracted
12/30/2022 09:42:07 INFO MetaCritic Recall:     1 /    48 scores extracted
12/30/2022 09:42:08 INFO MetaCritic Recall:     1 /    50 scores extracted
12/30/2022 09:42:10 INFO MetaCritic Recall:     1 /    52 scores extracted
12/30/2022 09:42:11 INFO MetaCritic Recall:     1 /    54 scores extracted
12/30/2022 09:42:13 INFO MetaCritic Recall:     1 /    56 scores extracted
12/30/2022 09:42:14 INFO MetaCritic Recall:     1 /    58 scores extracted
12/30/2022 09:42:16 INFO MetaCritic Recall:     1 /    60 scores extracted
12/30/2022 09:42:18 INFO MetaCritic Recall:     1 /    62 scores extracted
12/30/2022 09:42:20 INFO MetaCritic Recall:     2 /    64 scores extracted
12/30/2022 09:42:21 INFO MetaCritic Recall:     2 /    66 scores extracted
12/30/2022 09:42:23 INFO MetaCritic Recall:     2 /    68 scores extracted
12/30/2022 09:42:24 INFO MetaCritic Recall:     2 /    70 scores extracted
12/30/2022 09:42:26 INFO MetaCritic Recall:     2 /    72 scores extracted
12/30/2022 09:42:28 INFO MetaCritic Recall:     2 /    74 scores extracted
12/30/2022 09:42:29 INFO MetaCritic Recall:     2 /    76 scores extracted
12/30/2022 09:42:32 INFO MetaCritic Recall:     2 /    78 scores extracted
12/30/2022 09:42:34 INFO MetaCritic Recall:     2 /    80 scores extracted
12/30/2022 09:42:35 INFO MetaCritic Recall:     2 /    82 scores extracted
12/30/2022 09:42:37 INFO MetaCritic Recall:     2 /    84 scores extracted
12/30/2022 09:42:39 INFO MetaCritic Recall:     2 /    86 scores extracted
12/30/2022 09:42:41 INFO MetaCritic Recall:     2 /    88 scores extracted
12/30/2022 09:42:42 INFO MetaCritic Recall:     2 /    90 scores extracted
12/30/2022 09:42:44 INFO MetaCritic Recall:     2 /    92 scores extracted
12/30/2022 09:42:46 INFO MetaCritic Recall:     2 /    94 scores extracted
12/30/2022 09:42:47 INFO MetaCritic Recall:     2 /    96 scores extracted
12/30/2022 09:42:50 INFO MetaCritic Recall:     2 /    98 scores extracted
12/30/2022 09:42:51 INFO MetaCritic Recall:     2 /   100 scores extracted
12/30/2022 09:42:53 INFO MetaCritic Recall:     2 /   102 scores extracted
12/30/2022 09:42:55 INFO MetaCritic Recall:     2 /   104 scores extracted
12/30/2022 09:42:56 INFO MetaCritic Recall:     2 /   106 scores extracted
12/30/2022 09:42:58 INFO MetaCritic Recall:     2 /   108 scores extracted
12/30/2022 09:43:00 INFO MetaCritic Recall:     2 /   110 scores extracted
12/30/2022 09:43:01 INFO MetaCritic Recall:     2 /   112 scores extracted
12/30/2022 09:43:03 INFO MetaCritic Recall:     2 /   114 scores extracted
12/30/2022 09:43:05 INFO MetaCritic Recall:     2 /   116 scores extracted
12/30/2022 09:43:06 INFO MetaCritic Recall:     2 /   118 scores extracted
12/30/2022 09:43:08 INFO MetaCritic Recall:     2 /   120 scores extracted
12/30/2022 09:43:10 INFO MetaCritic Recall:     2 /   122 scores extracted
12/30/2022 09:43:11 INFO MetaCritic Recall:     2 /   124 scores extracted
12/30/2022 09:43:13 INFO MetaCritic Recall:     2 /   126 scores extracted
12/30/2022 09:43:15 INFO MetaCritic Recall:     2 /   128 scores extracted
12/30/2022 09:43:16 INFO MetaCritic Recall:     2 /   130 scores extracted
12/30/2022 09:43:19 INFO MetaCritic Recall:     2 /   132 scores extracted
12/30/2022 09:43:21 INFO MetaCritic Recall:     2 /   134 scores extracted
12/30/2022 09:43:22 INFO MetaCritic Recall:     2 /   136 scores extracted
12/30/2022 09:43:24 INFO MetaCritic Recall:     2 /   138 scores extracted
12/30/2022 09:43:26 INFO MetaCritic Recall:     2 /   140 scores extracted
12/30/2022 09:43:28 INFO MetaCritic Recall:     3 /   142 scores extracted
12/30/2022 09:43:30 INFO MetaCritic Recall:     3 /   144 scores extracted
12/30/2022 09:43:32 INFO MetaCritic Recall:     3 /   146 scores extracted
12/30/2022 09:43:33 INFO MetaCritic Recall:     4 /   148 scores extracted
12/30/2022 09:43:35 INFO MetaCritic Recall:     4 /   150 scores extracted
12/30/2022 09:43:36 INFO MetaCritic Recall:     4 /   152 scores extracted
12/30/2022 09:43:38 INFO MetaCritic Recall:     4 /   154 scores extracted
12/30/2022 09:43:40 INFO MetaCritic Recall:     4 /   156 scores extracted
12/30/2022 09:43:41 INFO MetaCritic Recall:     4 /   158 scores extracted
12/30/2022 09:43:43 INFO MetaCritic Recall:     4 /   160 scores extracted
12/30/2022 09:43:44 INFO MetaCritic Recall:     4 /   162 scores extracted
12/30/2022 09:43:46 INFO MetaCritic Recall:     4 /   164 scores extracted
12/30/2022 09:43:47 INFO MetaCritic Recall:     5 /   166 scores extracted
12/30/2022 09:43:50 INFO MetaCritic Recall:     5 /   168 scores extracted
12/30/2022 09:43:51 INFO MetaCritic Recall:     5 /   170 scores extracted
12/30/2022 09:43:54 INFO MetaCritic Recall:     5 /   172 scores extracted
12/30/2022 09:43:56 INFO MetaCritic Recall:     5 /   174 scores extracted
12/30/2022 09:43:57 INFO MetaCritic Recall:     5 /   176 scores extracted
12/30/2022 09:43:59 INFO MetaCritic Recall:     5 /   178 scores extracted
12/30/2022 09:44:01 INFO MetaCritic Recall:     5 /   180 scores extracted
12/30/2022 09:44:02 INFO MetaCritic Recall:     5 /   182 scores extracted
12/30/2022 09:44:04 INFO MetaCritic Recall:     5 /   184 scores extracted
12/30/2022 09:44:05 INFO MetaCritic Recall:     5 /   186 scores extracted
12/30/2022 09:44:06 INFO MetaCritic Recall:     6 /   188 scores extracted
12/30/2022 09:44:08 INFO MetaCritic Recall:     6 /   190 scores extracted
12/30/2022 09:44:09 INFO MetaCritic Recall:     6 /   192 scores extracted
12/30/2022 09:44:11 INFO MetaCritic Recall:     6 /   194 scores extracted
12/30/2022 09:44:13 INFO MetaCritic Recall:     6 /   196 scores extracted
12/30/2022 09:44:15 INFO MetaCritic Recall:     6 /   198 scores extracted
12/30/2022 09:44:17 INFO MetaCritic Recall:     6 /   200 scores extracted
12/30/2022 09:44:18 INFO MetaCritic Recall:     6 /   202 scores extracted
12/30/2022 09:44:20 INFO MetaCritic Recall:     6 /   204 scores extracted
12/30/2022 09:44:21 INFO MetaCritic Recall:     6 /   206 scores extracted
12/30/2022 09:44:23 INFO MetaCritic Recall:     6 /   208 scores extracted
12/30/2022 09:44:25 INFO MetaCritic Recall:     6 /   210 scores extracted
12/30/2022 09:44:26 INFO MetaCritic Recall:     6 /   212 scores extracted
12/30/2022 09:44:28 INFO MetaCritic Recall:     6 /   214 scores extracted
12/30/2022 09:44:30 INFO MetaCritic Recall:     6 /   216 scores extracted
12/30/2022 09:44:32 INFO MetaCritic Recall:     6 /   218 scores extracted
12/30/2022 09:44:34 INFO MetaCritic Recall:     6 /   220 scores extracted
12/30/2022 09:44:35 INFO MetaCritic Recall:     6 /   222 scores extracted
12/30/2022 09:44:37 INFO MetaCritic Recall:     6 /   224 scores extracted
12/30/2022 09:44:39 INFO MetaCritic Recall:     6 /   226 scores extracted
12/30/2022 09:44:41 INFO MetaCritic Recall:     6 /   228 scores extracted
12/30/2022 09:44:42 INFO MetaCritic Recall:     6 /   230 scores extracted
12/30/2022 09:44:44 INFO MetaCritic Recall:     6 /   232 scores extracted
12/30/2022 09:44:45 INFO MetaCritic Recall:     6 /   234 scores extracted
12/30/2022 09:44:47 INFO MetaCritic Recall:     6 /   236 scores extracted
12/30/2022 09:44:48 INFO MetaCritic Recall:     6 /   238 scores extracted
12/30/2022 09:44:50 INFO MetaCritic Recall:     6 /   240 scores extracted
12/30/2022 09:44:51 INFO MetaCritic Recall:     6 /   242 scores extracted
12/30/2022 09:44:53 INFO MetaCritic Recall:     6 /   244 scores extracted
12/30/2022 09:44:54 INFO MetaCritic Recall:     7 /   246 scores extracted
12/30/2022 09:44:56 INFO MetaCritic Recall:     7 /   248 scores extracted
12/30/2022 09:44:58 INFO MetaCritic Recall:     8 /   250 scores extracted
12/30/2022 09:44:59 INFO MetaCritic Recall:     8 /   252 scores extracted
12/30/2022 09:45:01 INFO MetaCritic Recall:     8 /   254 scores extracted
12/30/2022 09:45:02 INFO MetaCritic Recall:     9 /   256 scores extracted
12/30/2022 09:45:04 INFO MetaCritic Recall:     9 /   258 scores extracted
12/30/2022 09:45:06 INFO MetaCritic Recall:    10 /   260 scores extracted
12/30/2022 09:45:07 INFO MetaCritic Recall:    10 /   262 scores extracted
12/30/2022 09:45:09 INFO MetaCritic Recall:    10 /   264 scores extracted
12/30/2022 09:45:11 INFO MetaCritic Recall:    10 /   266 scores extracted
12/30/2022 09:45:13 INFO MetaCritic Recall:    10 /   268 scores extracted
12/30/2022 09:45:14 INFO MetaCritic Recall:    10 /   270 scores extracted
12/30/2022 09:45:16 INFO MetaCritic Recall:    10 /   272 scores extracted
12/30/2022 09:45:17 INFO MetaCritic Recall:    10 /   274 scores extracted
12/30/2022 09:45:19 INFO MetaCritic Recall:    10 /   276 scores extracted
12/30/2022 09:45:21 INFO MetaCritic Recall:    11 /   278 scores extracted
12/30/2022 09:45:23 INFO MetaCritic Recall:    11 /   280 scores extracted
12/30/2022 09:45:24 INFO MetaCritic Recall:    11 /   282 scores extracted
12/30/2022 09:45:26 INFO MetaCritic Recall:    11 /   284 scores extracted
12/30/2022 09:45:27 INFO MetaCritic Recall:    11 /   286 scores extracted
12/30/2022 09:45:29 INFO MetaCritic Recall:    11 /   288 scores extracted
12/30/2022 09:45:31 INFO MetaCritic Recall:    11 /   290 scores extracted
12/30/2022 09:45:33 INFO MetaCritic Recall:    11 /   292 scores extracted
12/30/2022 09:45:35 INFO MetaCritic Recall:    11 /   294 scores extracted
12/30/2022 09:45:36 INFO MetaCritic Recall:    11 /   296 scores extracted
12/30/2022 09:45:38 INFO MetaCritic Recall:    11 /   298 scores extracted
12/30/2022 09:45:40 INFO MetaCritic Recall:    11 /   300 scores extracted
12/30/2022 09:45:41 INFO MetaCritic Recall:    11 /   302 scores extracted
12/30/2022 09:45:43 INFO MetaCritic Recall:    11 /   304 scores extracted
12/30/2022 09:45:44 INFO MetaCritic Recall:    11 /   306 scores extracted
12/30/2022 09:45:46 INFO MetaCritic Recall:    11 /   308 scores extracted
12/30/2022 09:45:47 INFO MetaCritic Recall:    11 /   310 scores extracted
12/30/2022 09:45:49 INFO MetaCritic Recall:    11 /   312 scores extracted
12/30/2022 09:45:50 INFO MetaCritic Recall:    11 /   314 scores extracted
12/30/2022 09:45:52 INFO MetaCritic Recall:    11 /   316 scores extracted
12/30/2022 09:45:54 INFO MetaCritic Recall:    11 /   318 scores extracted
12/30/2022 09:45:55 INFO MetaCritic Recall:    11 /   320 scores extracted
12/30/2022 09:45:57 INFO MetaCritic Recall:    11 /   322 scores extracted
12/30/2022 09:45:58 INFO MetaCritic Recall:    11 /   324 scores extracted
12/30/2022 09:46:00 INFO MetaCritic Recall:    11 /   326 scores extracted
12/30/2022 09:46:01 INFO MetaCritic Recall:    11 /   328 scores extracted
12/30/2022 09:46:03 INFO MetaCritic Recall:    11 /   330 scores extracted
12/30/2022 09:46:05 INFO MetaCritic Recall:    11 /   332 scores extracted
12/30/2022 09:46:06 INFO MetaCritic Recall:    11 /   334 scores extracted
12/30/2022 09:46:08 INFO MetaCritic Recall:    11 /   336 scores extracted
12/30/2022 09:46:09 INFO MetaCritic Recall:    11 /   338 scores extracted
12/30/2022 09:46:11 INFO MetaCritic Recall:    11 /   340 scores extracted
12/30/2022 09:46:13 INFO MetaCritic Recall:    11 /   342 scores extracted
12/30/2022 09:46:15 INFO MetaCritic Recall:    11 /   344 scores extracted
12/30/2022 09:46:16 INFO MetaCritic Recall:    11 /   346 scores extracted
12/30/2022 09:46:18 INFO MetaCritic Recall:    11 /   348 scores extracted
12/30/2022 09:46:20 INFO MetaCritic Recall:    11 /   350 scores extracted
12/30/2022 09:46:22 INFO MetaCritic Recall:    12 /   352 scores extracted
12/30/2022 09:46:23 INFO MetaCritic Recall:    12 /   354 scores extracted
12/30/2022 09:46:25 INFO MetaCritic Recall:    13 /   356 scores extracted
12/30/2022 09:46:26 INFO MetaCritic Recall:    14 /   358 scores extracted
12/30/2022 09:46:28 INFO MetaCritic Recall:    14 /   360 scores extracted
12/30/2022 09:46:30 INFO MetaCritic Recall:    14 /   362 scores extracted
12/30/2022 09:46:31 INFO MetaCritic Recall:    14 /   364 scores extracted
12/30/2022 09:46:33 INFO MetaCritic Recall:    14 /   366 scores extracted
12/30/2022 09:46:35 INFO MetaCritic Recall:    14 /   368 scores extracted
12/30/2022 09:46:37 INFO MetaCritic Recall:    14 /   370 scores extracted
12/30/2022 09:46:39 INFO MetaCritic Recall:    15 /   372 scores extracted
12/30/2022 09:46:41 INFO MetaCritic Recall:    15 /   374 scores extracted
12/30/2022 09:46:43 INFO MetaCritic Recall:    16 /   376 scores extracted
12/30/2022 09:46:44 INFO MetaCritic Recall:    16 /   378 scores extracted
12/30/2022 09:46:46 INFO MetaCritic Recall:    16 /   380 scores extracted
12/30/2022 09:46:48 INFO MetaCritic Recall:    18 /   382 scores extracted
12/30/2022 09:46:50 INFO MetaCritic Recall:    20 /   384 scores extracted
12/30/2022 09:46:52 INFO MetaCritic Recall:    20 /   386 scores extracted
12/30/2022 09:46:53 INFO MetaCritic Recall:    20 /   388 scores extracted
12/30/2022 09:46:55 INFO MetaCritic Recall:    20 /   390 scores extracted
12/30/2022 09:46:57 INFO MetaCritic Recall:    20 /   392 scores extracted
12/30/2022 09:46:58 INFO MetaCritic Recall:    20 /   394 scores extracted
12/30/2022 09:47:00 INFO MetaCritic Recall:    20 /   396 scores extracted
12/30/2022 09:47:02 INFO MetaCritic Recall:    20 /   398 scores extracted
12/30/2022 09:47:03 INFO MetaCritic Recall:    20 /   400 scores extracted
12/30/2022 09:47:05 INFO MetaCritic Recall:    20 /   402 scores extracted
12/30/2022 09:47:07 INFO MetaCritic Recall:    20 /   404 scores extracted
12/30/2022 09:47:09 INFO MetaCritic Recall:    20 /   406 scores extracted
12/30/2022 09:47:10 INFO MetaCritic Recall:    20 /   408 scores extracted
12/30/2022 09:47:12 INFO MetaCritic Recall:    21 /   410 scores extracted
12/30/2022 09:47:14 INFO MetaCritic Recall:    22 /   412 scores extracted
12/30/2022 09:47:15 INFO MetaCritic Recall:    22 /   414 scores extracted
12/30/2022 09:47:17 INFO MetaCritic Recall:    22 /   416 scores extracted
12/30/2022 09:47:19 INFO MetaCritic Recall:    22 /   418 scores extracted
12/30/2022 09:47:20 INFO MetaCritic Recall:    22 /   420 scores extracted
12/30/2022 09:47:22 INFO MetaCritic Recall:    22 /   422 scores extracted
12/30/2022 09:47:23 INFO MetaCritic Recall:    22 /   424 scores extracted
12/30/2022 09:47:25 INFO MetaCritic Recall:    22 /   426 scores extracted
12/30/2022 09:47:27 INFO MetaCritic Recall:    22 /   428 scores extracted
12/30/2022 09:47:29 INFO MetaCritic Recall:    22 /   430 scores extracted
12/30/2022 09:47:30 INFO MetaCritic Recall:    22 /   432 scores extracted
12/30/2022 09:47:32 INFO MetaCritic Recall:    22 /   434 scores extracted
12/30/2022 09:47:34 INFO MetaCritic Recall:    22 /   436 scores extracted
12/30/2022 09:47:36 INFO MetaCritic Recall:    22 /   438 scores extracted
12/30/2022 09:47:38 INFO MetaCritic Recall:    22 /   440 scores extracted
12/30/2022 09:47:39 INFO MetaCritic Recall:    22 /   442 scores extracted
12/30/2022 09:47:41 INFO MetaCritic Recall:    24 /   444 scores extracted
12/30/2022 09:47:43 INFO MetaCritic Recall:    25 /   446 scores extracted
12/30/2022 09:47:44 INFO MetaCritic Recall:    27 /   448 scores extracted
12/30/2022 09:47:46 INFO MetaCritic Recall:    28 /   450 scores extracted
12/30/2022 09:47:48 INFO MetaCritic Recall:    28 /   452 scores extracted
12/30/2022 09:47:50 INFO MetaCritic Recall:    28 /   454 scores extracted
12/30/2022 09:47:51 INFO MetaCritic Recall:    28 /   456 scores extracted
12/30/2022 09:47:53 INFO MetaCritic Recall:    28 /   458 scores extracted
12/30/2022 09:47:55 INFO MetaCritic Recall:    28 /   460 scores extracted
12/30/2022 09:47:56 INFO MetaCritic Recall:    28 /   462 scores extracted
12/30/2022 09:47:58 INFO MetaCritic Recall:    28 /   464 scores extracted
12/30/2022 09:48:00 INFO MetaCritic Recall:    28 /   466 scores extracted
12/30/2022 09:48:02 INFO MetaCritic Recall:    28 /   468 scores extracted
12/30/2022 09:48:03 INFO MetaCritic Recall:    28 /   470 scores extracted
12/30/2022 09:48:05 INFO MetaCritic Recall:    28 /   472 scores extracted
12/30/2022 09:48:07 INFO MetaCritic Recall:    28 /   474 scores extracted
12/30/2022 09:48:09 INFO MetaCritic Recall:    29 /   476 scores extracted
12/30/2022 09:48:11 INFO MetaCritic Recall:    29 /   478 scores extracted
12/30/2022 09:48:13 INFO MetaCritic Recall:    30 /   480 scores extracted
12/30/2022 09:48:15 INFO MetaCritic Recall:    31 /   482 scores extracted
12/30/2022 09:48:16 INFO MetaCritic Recall:    31 /   484 scores extracted
12/30/2022 09:48:18 INFO MetaCritic Recall:    31 /   486 scores extracted
12/30/2022 09:48:20 INFO MetaCritic Recall:    31 /   488 scores extracted
12/30/2022 09:48:21 INFO MetaCritic Recall:    31 /   490 scores extracted
12/30/2022 09:48:23 INFO MetaCritic Recall:    31 /   492 scores extracted
12/30/2022 09:48:24 INFO MetaCritic Recall:    32 /   494 scores extracted
12/30/2022 09:48:26 INFO MetaCritic Recall:    32 /   496 scores extracted
12/30/2022 09:48:27 INFO MetaCritic Recall:    32 /   498 scores extracted
